<?xml version="1.0" encoding="UTF-8"?>
<testng-results ignored="0" total="1" passed="1" failed="0" skipped="0">
  <reporter-output>
  </reporter-output>
  <suite started-at="2021-04-28T13:32:14 IST" name="Default suite" finished-at="2021-04-28T13:32:40 IST" duration-ms="25886">
    <groups>
    </groups>
    <test started-at="2021-04-28T13:32:14 IST" name="Default test" finished-at="2021-04-28T13:32:40 IST" duration-ms="25886">
      <class name="com.test.GoogleTest">
        <test-method is-config="true" signature="setup()[pri:0, instance:com.test.GoogleTest@23529fee]" started-at="2021-04-28T13:32:15 IST" name="setup" finished-at="2021-04-28T13:32:39 IST" duration-ms="24368" status="PASS">
          <reporter-output>
          </reporter-output>
        </test-method> <!-- setup -->
        <test-method signature="googleTitleTest()[pri:0, instance:com.test.GoogleTest@23529fee]" started-at="2021-04-28T13:32:39 IST" name="googleTitleTest" finished-at="2021-04-28T13:32:39 IST" duration-ms="273" status="PASS">
          <reporter-output>
          </reporter-output>
        </test-method> <!-- googleTitleTest -->
        <test-method is-config="true" signature="tearDown()[pri:0, instance:com.test.GoogleTest@23529fee]" started-at="2021-04-28T13:32:39 IST" name="tearDown" finished-at="2021-04-28T13:32:40 IST" duration-ms="1116" status="PASS">
          <reporter-output>
          </reporter-output>
        </test-method> <!-- tearDown -->
      </class> <!-- com.test.GoogleTest -->
    </test> <!-- Default test -->
  </suite> <!-- Default suite -->
</testng-results>
